2020-08-04 15:04:02,866 [ERROR] [main] org.springframework.boot.SpringApplication [SpringApplication.java : 858] Application run failed
org.springframework.boot.context.properties.bind.BindException: Failed to bind properties under 'logging.level' to java.util.Map<java.lang.String, java.lang.String>
	at org.springframework.boot.context.properties.bind.Binder.handleBindError(Binder.java:249)
	at org.springframework.boot.context.properties.bind.Binder.bind(Binder.java:225)
	at org.springframework.boot.context.properties.bind.Binder.bind(Binder.java:208)
	at org.springframework.boot.context.properties.bind.Binder.bind(Binder.java:177)
	at org.springframework.boot.context.logging.LoggingApplicationListener.setLogLevels(LoggingApplicationListener.java:338)
	at org.springframework.boot.context.logging.LoggingApplicationListener.initializeFinalLoggingLevels(LoggingApplicationListener.java:319)
	at org.springframework.boot.context.logging.LoggingApplicationListener.initialize(LoggingApplicationListener.java:267)
	at org.springframework.boot.context.logging.LoggingApplicationListener.onApplicationEnvironmentPreparedEvent(LoggingApplicationListener.java:229)
	at org.springframework.boot.context.logging.LoggingApplicationListener.onApplicationEvent(LoggingApplicationListener.java:202)
	at org.springframework.context.event.SimpleApplicationEventMulticaster.doInvokeListener(SimpleApplicationEventMulticaster.java:172)
	at org.springframework.context.event.SimpleApplicationEventMulticaster.invokeListener(SimpleApplicationEventMulticaster.java:165)
	at org.springframework.context.event.SimpleApplicationEventMulticaster.multicastEvent(SimpleApplicationEventMulticaster.java:139)
	at org.springframework.context.event.SimpleApplicationEventMulticaster.multicastEvent(SimpleApplicationEventMulticaster.java:127)
	at org.springframework.boot.context.event.EventPublishingRunListener.environmentPrepared(EventPublishingRunListener.java:75)
	at org.springframework.boot.SpringApplicationRunListeners.environmentPrepared(SpringApplicationRunListeners.java:54)
	at org.springframework.boot.SpringApplication.prepareEnvironment(SpringApplication.java:347)
	at org.springframework.boot.SpringApplication.run(SpringApplication.java:306)
	at org.springframework.boot.SpringApplication.run(SpringApplication.java:1260)
	at org.springframework.boot.SpringApplication.run(SpringApplication.java:1248)
	at com.jimmy.EurekaServerApplication.main(EurekaServerApplication.java:19)
Caused by: org.springframework.core.convert.ConverterNotFoundException: No converter found capable of converting from type [java.lang.String] to type [java.util.Map<java.lang.String, java.lang.String>]
	at org.springframework.core.convert.support.GenericConversionService.handleConverterNotFound(GenericConversionService.java:321)
	at org.springframework.core.convert.support.GenericConversionService.convert(GenericConversionService.java:194)
	at org.springframework.boot.context.properties.bind.BindConverter$CompositeConversionService.convert(BindConverter.java:177)
	at org.springframework.boot.context.properties.bind.BindConverter.convert(BindConverter.java:98)
	at org.springframework.boot.context.properties.bind.BindConverter.convert(BindConverter.java:90)
	at org.springframework.boot.context.properties.bind.MapBinder.bindAggregate(MapBinder.java:65)
	at org.springframework.boot.context.properties.bind.AggregateBinder.bind(AggregateBinder.java:58)
	at org.springframework.boot.context.properties.bind.Binder.lambda$bindAggregate$2(Binder.java:304)
	at org.springframework.boot.context.properties.bind.Binder$Context.withIncreasedDepth(Binder.java:448)
	at org.springframework.boot.context.properties.bind.Binder$Context.access$100(Binder.java:388)
	at org.springframework.boot.context.properties.bind.Binder.bindAggregate(Binder.java:303)
	at org.springframework.boot.context.properties.bind.Binder.bindObject(Binder.java:261)
	at org.springframework.boot.context.properties.bind.Binder.bind(Binder.java:220)
	... 18 common frames omitted
2020-08-04 15:15:21,557 [ERROR] [main] org.springframework.boot.SpringApplication [SpringApplication.java : 858] Application run failed
org.springframework.boot.context.properties.bind.BindException: Failed to bind properties under 'logging.level' to java.util.Map<java.lang.String, java.lang.String>
	at org.springframework.boot.context.properties.bind.Binder.handleBindError(Binder.java:249)
	at org.springframework.boot.context.properties.bind.Binder.bind(Binder.java:225)
	at org.springframework.boot.context.properties.bind.Binder.bind(Binder.java:208)
	at org.springframework.boot.context.properties.bind.Binder.bind(Binder.java:177)
	at org.springframework.boot.context.logging.LoggingApplicationListener.setLogLevels(LoggingApplicationListener.java:338)
	at org.springframework.boot.context.logging.LoggingApplicationListener.initializeFinalLoggingLevels(LoggingApplicationListener.java:319)
	at org.springframework.boot.context.logging.LoggingApplicationListener.initialize(LoggingApplicationListener.java:267)
	at org.springframework.boot.context.logging.LoggingApplicationListener.onApplicationEnvironmentPreparedEvent(LoggingApplicationListener.java:229)
	at org.springframework.boot.context.logging.LoggingApplicationListener.onApplicationEvent(LoggingApplicationListener.java:202)
	at org.springframework.context.event.SimpleApplicationEventMulticaster.doInvokeListener(SimpleApplicationEventMulticaster.java:172)
	at org.springframework.context.event.SimpleApplicationEventMulticaster.invokeListener(SimpleApplicationEventMulticaster.java:165)
	at org.springframework.context.event.SimpleApplicationEventMulticaster.multicastEvent(SimpleApplicationEventMulticaster.java:139)
	at org.springframework.context.event.SimpleApplicationEventMulticaster.multicastEvent(SimpleApplicationEventMulticaster.java:127)
	at org.springframework.boot.context.event.EventPublishingRunListener.environmentPrepared(EventPublishingRunListener.java:75)
	at org.springframework.boot.SpringApplicationRunListeners.environmentPrepared(SpringApplicationRunListeners.java:54)
	at org.springframework.boot.SpringApplication.prepareEnvironment(SpringApplication.java:347)
	at org.springframework.boot.SpringApplication.run(SpringApplication.java:306)
	at org.springframework.boot.SpringApplication.run(SpringApplication.java:1260)
	at org.springframework.boot.SpringApplication.run(SpringApplication.java:1248)
	at com.jimmy.EurekaServerApplication.main(EurekaServerApplication.java:19)
Caused by: org.springframework.core.convert.ConverterNotFoundException: No converter found capable of converting from type [java.lang.String] to type [java.util.Map<java.lang.String, java.lang.String>]
	at org.springframework.core.convert.support.GenericConversionService.handleConverterNotFound(GenericConversionService.java:321)
	at org.springframework.core.convert.support.GenericConversionService.convert(GenericConversionService.java:194)
	at org.springframework.boot.context.properties.bind.BindConverter$CompositeConversionService.convert(BindConverter.java:177)
	at org.springframework.boot.context.properties.bind.BindConverter.convert(BindConverter.java:98)
	at org.springframework.boot.context.properties.bind.BindConverter.convert(BindConverter.java:90)
	at org.springframework.boot.context.properties.bind.MapBinder.bindAggregate(MapBinder.java:65)
	at org.springframework.boot.context.properties.bind.AggregateBinder.bind(AggregateBinder.java:58)
	at org.springframework.boot.context.properties.bind.Binder.lambda$bindAggregate$2(Binder.java:304)
	at org.springframework.boot.context.properties.bind.Binder$Context.withIncreasedDepth(Binder.java:448)
	at org.springframework.boot.context.properties.bind.Binder$Context.access$100(Binder.java:388)
	at org.springframework.boot.context.properties.bind.Binder.bindAggregate(Binder.java:303)
	at org.springframework.boot.context.properties.bind.Binder.bindObject(Binder.java:261)
	at org.springframework.boot.context.properties.bind.Binder.bind(Binder.java:220)
	... 18 common frames omitted
2020-08-04 15:18:37,699 [WARN] [main] org.springframework.boot.actuate.endpoint.EndpointId [EndpointId.java : 135] Endpoint ID 'service-registry' contains invalid characters, please migrate to a valid format.
2020-08-04 15:18:38,583 [WARN] [main] com.netflix.config.sources.URLConfigurationSource [URLConfigurationSource.java : 121] No URLs will be polled as dynamic configuration sources.
2020-08-04 15:18:41,147 [WARN] [main] com.netflix.config.sources.URLConfigurationSource [URLConfigurationSource.java : 121] No URLs will be polled as dynamic configuration sources.
2020-08-04 15:18:43,206 [WARN] [main] com.netflix.eureka.cluster.PeerEurekaNodes [PeerEurekaNodes.java : 155] The replica size seems to be empty. Check the route 53 DNS Registry
